2024-11-05 09:18:54,439 [INFO] Activator:176 - 


2024-11-05 09:18:54,442 [INFO] Activator:177 - !SESSION log4j initialized
2024-11-05 09:18:57,813 [INFO] LogOutputStream:77 - [STDOUT_REDIRECT] 
2024-11-05 09:19:00,799 [ERROR] ConfigurationRetriever:142 - IOException on connection: Connect timed out
2024-11-05 09:19:01,611 [INFO] ApplicationProperties:184 - Using Application install path: C:\ST\STM32CubeIDE_1.16.1\STM32CubeIDE\plugins\com.st.stm32cube.common.mx_6.12.1.202409122256
2024-11-05 09:19:01,630 [INFO] DbMcusXml:78 - Set database path to: C:\ST\STM32CubeIDE_1.16.1\STM32CubeIDE\plugins\com.st.stm32cube.common.mx_6.12.1.202409122256\\db\/mcu/
2024-11-05 09:19:01,631 [INFO] ApiDb:274 - Set plugin database path to: C:\ST\STM32CubeIDE_1.16.1\STM32CubeIDE\plugins\com.st.stm32cube.common.mx_6.12.1.202409122256\\db\/plugins/boardmanager/
2024-11-05 09:19:01,632 [WARN] ApiDb:259 - Overriding images path with different value:  => C:\ST\STM32CubeIDE_1.16.1\STM32CubeIDE\plugins\com.st.stm32cube.common.mx_6.12.1.202409122256\\db\/plugins/mcufinder/images/
2024-11-05 09:19:01,649 [INFO] ApiDb:250 - Set database path to: C:\Users\alec bath\.stmcufinder\plugins\mcufinder//mcu/
2024-11-05 09:19:01,651 [INFO] DbMcusAds:125 - Set database path to: C:\Users\alec bath\.stmcufinder\plugins\mcufinder//mcu/
2024-11-05 09:19:01,838 [INFO] CrossReferenceDbSqlite:203 - Set database path to: C:\Users\alec bath\.stmcufinder\plugins\mcufinder//mcu/cs/
2024-11-05 09:19:01,973 [INFO] RulesReader:64 - Compatibility file has been processed (297 Rules)
2024-11-05 09:19:02,109 [INFO] DbMcusXml:78 - Set database path to: C:\ST\STM32CubeIDE_1.16.1\STM32CubeIDE\plugins\com.st.stm32cube.common.mx_6.12.1.202409122256\\db\/mcu/
2024-11-05 09:19:02,109 [INFO] ApiDb:274 - Set plugin database path to: C:\ST\STM32CubeIDE_1.16.1\STM32CubeIDE\plugins\com.st.stm32cube.common.mx_6.12.1.202409122256\\db\/plugins/boardmanager/
2024-11-05 09:19:02,109 [INFO] ApiDb:261 - Set plugin images path to: C:\ST\STM32CubeIDE_1.16.1\STM32CubeIDE\plugins\com.st.stm32cube.common.mx_6.12.1.202409122256\\db\/plugins/mcufinder/images/
2024-11-05 09:19:02,110 [WARN] DbFile:41 - Overriding database path with different value: C:\Users\alec bath\.stmcufinder\plugins\mcufinder/ => C:\Users\alec bath\.stmcufinder\plugins\mcufinder
2024-11-05 09:19:02,110 [INFO] ApiDb:250 - Set database path to: C:\Users\alec bath\.stmcufinder\plugins\mcufinder//mcu/
2024-11-05 09:19:02,110 [WARN] DbFile:41 - Overriding database path with different value: C:\Users\alec bath\.stmcufinder\plugins\mcufinder/ => C:\Users\alec bath\.stmcufinder\plugins\mcufinder
2024-11-05 09:19:02,110 [INFO] DbMcusAds:125 - Set database path to: C:\Users\alec bath\.stmcufinder\plugins\mcufinder//mcu/
2024-11-05 09:19:02,110 [WARN] DbFile:41 - Overriding database path with different value: C:\Users\alec bath\.stmcufinder\plugins\mcufinder/ => C:\Users\alec bath\.stmcufinder\plugins\mcufinder
2024-11-05 09:19:02,110 [WARN] DbFile:41 - Overriding database path with different value: C:\Users\alec bath\.stmcufinder\plugins\mcufinder/ => C:\Users\alec bath\.stmcufinder\plugins\mcufinder
2024-11-05 09:19:02,292 [INFO] CrossReferenceDbSqlite:203 - Set database path to: C:\Users\alec bath\.stmcufinder\plugins\mcufinder//mcu/cs/
2024-11-05 09:19:02,470 [INFO] MainPanel:268 - HeapMemory: 268435456
2024-11-05 09:19:02,578 [INFO] DbMcusXml:78 - Set database path to: C:\ST\STM32CubeIDE_1.16.1\STM32CubeIDE\plugins\com.st.stm32cube.common.mx_6.12.1.202409122256\\db\/mcu/
2024-11-05 09:19:02,579 [INFO] ApiDb:274 - Set plugin database path to: C:\ST\STM32CubeIDE_1.16.1\STM32CubeIDE\plugins\com.st.stm32cube.common.mx_6.12.1.202409122256\\db\/plugins/boardmanager/
2024-11-05 09:19:02,579 [INFO] ApiDb:261 - Set plugin images path to: C:\ST\STM32CubeIDE_1.16.1\STM32CubeIDE\plugins\com.st.stm32cube.common.mx_6.12.1.202409122256\\db\/plugins/mcufinder/images/
2024-11-05 09:19:02,579 [WARN] DbFile:41 - Overriding database path with different value: C:\Users\alec bath\.stmcufinder\plugins\mcufinder/ => C:\Users\alec bath\.stmcufinder\plugins\mcufinder
2024-11-05 09:19:02,579 [INFO] ApiDb:250 - Set database path to: C:\Users\alec bath\.stmcufinder\plugins\mcufinder//mcu/
2024-11-05 09:19:02,580 [WARN] DbFile:41 - Overriding database path with different value: C:\Users\alec bath\.stmcufinder\plugins\mcufinder/ => C:\Users\alec bath\.stmcufinder\plugins\mcufinder
2024-11-05 09:19:02,580 [INFO] DbMcusAds:125 - Set database path to: C:\Users\alec bath\.stmcufinder\plugins\mcufinder//mcu/
2024-11-05 09:19:02,580 [WARN] DbFile:41 - Overriding database path with different value: C:\Users\alec bath\.stmcufinder\plugins\mcufinder/ => C:\Users\alec bath\.stmcufinder\plugins\mcufinder
2024-11-05 09:19:02,580 [WARN] DbFile:41 - Overriding database path with different value: C:\Users\alec bath\.stmcufinder\plugins\mcufinder/ => C:\Users\alec bath\.stmcufinder\plugins\mcufinder
2024-11-05 09:19:02,776 [INFO] CrossReferenceDbSqlite:203 - Set database path to: C:\Users\alec bath\.stmcufinder\plugins\mcufinder//mcu/cs/
2024-11-05 09:19:02,800 [ERROR] ConfigurationRetriever:142 - IOException on connection: Connect timed out
2024-11-05 09:19:02,801 [INFO] ApplicationProperties:184 - Using Application install path: C:\ST\STM32CubeIDE_1.16.1\STM32CubeIDE\plugins\com.st.stm32cube.common.mx_6.12.1.202409122256
2024-11-05 09:19:02,804 [INFO] PluginManage:196 - Search for loadable plugins [exclusion list=, ]
2024-11-05 09:19:02,806 [INFO] PluginManage:310 - Check plugin analytics
2024-11-05 09:19:03,251 [INFO] AnalyticsPlugin:253 - Accepted Software Licenses: STM32CubeMX.6.12.1
2024-11-05 09:19:03,251 [INFO] AnalyticsPlugin:255 - Accepted CMSIS Pack Licenses: 
2024-11-05 09:19:03,251 [INFO] AnalyticsPlugin:257 - Accepted Firmware Licenses: 
2024-11-05 09:19:03,256 [INFO] PluginManage:359 - Loaded plugin analytics (category:tool,tabindex:-1)
2024-11-05 09:19:03,256 [INFO] PluginManage:310 - Check plugin cadmodel
2024-11-05 09:19:03,278 [INFO] CADModel:105 - Init CAD model plugin
2024-11-05 09:19:03,279 [INFO] PluginManage:359 - Loaded plugin cadmodel (category:power,tabindex:5)
2024-11-05 09:19:03,279 [INFO] PluginManage:310 - Check plugin clock
2024-11-05 09:19:03,303 [INFO] PluginManage:359 - Loaded plugin clock (category:base,tabindex:2)
2024-11-05 09:19:03,303 [INFO] PluginManage:310 - Check plugin ddr
2024-11-05 09:19:03,305 [INFO] PluginManage:359 - Loaded plugin ddr (category:tool,tabindex:6)
2024-11-05 09:19:03,306 [INFO] PluginManage:310 - Check plugin filemanager
2024-11-05 09:19:03,480 [INFO] PluginManage:359 - Loaded plugin filemanager (category:base,tabindex:10)
2024-11-05 09:19:03,481 [INFO] PluginManage:310 - Check plugin ipmanager
2024-11-05 09:19:03,493 [INFO] PluginManage:359 - Loaded plugin ipmanager (category:base,tabindex:5)
2024-11-05 09:19:03,493 [INFO] PluginManage:310 - Check plugin lpbam
2024-11-05 09:19:03,522 [INFO] PluginManage:359 - Loaded plugin lpbam (category:base,tabindex:0)
2024-11-05 09:19:03,523 [INFO] PluginManage:310 - Check plugin memorymap
2024-11-05 09:19:03,553 [INFO] PluginManage:359 - Loaded plugin memorymap (category:base,tabindex:4)
2024-11-05 09:19:03,553 [INFO] PluginManage:310 - Check plugin pinoutandconfiguration
2024-11-05 09:19:03,576 [INFO] PluginManage:359 - Loaded plugin pinoutandconfiguration (category:base,tabindex:1)
2024-11-05 09:19:03,577 [INFO] PluginManage:310 - Check plugin pinoutconfig
2024-11-05 09:19:03,682 [WARN] SupportedApi:132 - Cannot load RTOS API schema: s4s-elt-must-match.1: The content of 'definitions' must match (annotation?, (simpleType | complexType)?, (unique | key | keyref)*)). A problem was found starting at: attribute.
2024-11-05 09:19:03,866 [INFO] PluginManage:359 - Loaded plugin pinoutconfig (category:base,tabindex:0)
2024-11-05 09:19:03,867 [INFO] PluginManage:310 - Check plugin power
2024-11-05 09:19:03,894 [INFO] PluginManage:359 - Loaded plugin power (category:power,tabindex:4)
2024-11-05 09:19:03,894 [INFO] PluginManage:310 - Check plugin projectmanager
2024-11-05 09:19:03,915 [INFO] PluginManage:359 - Loaded plugin projectmanager (category:projectmanager,tabindex:4)
2024-11-05 09:19:03,915 [INFO] PluginManage:310 - Check plugin rif
2024-11-05 09:19:03,940 [INFO] PluginManage:359 - Loaded plugin rif (category:base,tabindex:3)
2024-11-05 09:19:03,941 [INFO] PluginManage:310 - Check plugin thirdparty
2024-11-05 09:19:04,310 [INFO] PluginManage:359 - Loaded plugin thirdparty (category:base,tabindex:-1)
2024-11-05 09:19:04,311 [INFO] PluginManage:310 - Check plugin tools
2024-11-05 09:19:04,311 [WARN] IntegrityCheckThread:84 - waiting for thirdparty lock release [integrity check]
2024-11-05 09:19:04,311 [INFO] IntegrityCheckThread:86 - entering critical section [integrity check]
2024-11-05 09:19:04,312 [INFO] ThirdPartyUpdaterWithRetryManager:70 - Updater plugin not ready yet. [1/15]
2024-11-05 09:19:04,357 [INFO] PluginManage:359 - Loaded plugin tools (category:base,tabindex:7)
2024-11-05 09:19:04,357 [INFO] PluginManage:310 - Check plugin tutovideos
2024-11-05 09:19:04,577 [INFO] PluginManage:359 - Loaded plugin tutovideos (category:base,tabindex:-1)
2024-11-05 09:19:04,578 [INFO] PluginManage:310 - Check plugin updater
2024-11-05 09:19:04,601 [INFO] PluginManage:359 - Loaded plugin updater (category:base,tabindex:12)
2024-11-05 09:19:04,601 [INFO] PluginManage:310 - Check plugin userauth
2024-11-05 09:19:04,611 [INFO] UserAuth:113 - Init User Auth plugin
2024-11-05 09:19:04,611 [INFO] PluginManage:359 - Loaded plugin userauth (category:base,tabindex:14)
2024-11-05 09:19:04,612 [INFO] PluginManage:283 - PluginManage : Loaded plugins [18]
2024-11-05 09:19:04,802 [ERROR] ConfigurationRetriever:142 - IOException on connection: Connect timed out
2024-11-05 09:19:04,884 [INFO] PinOutPanel:1561 - setPackage(No Configuration,No Configuration)
2024-11-05 09:19:04,998 [INFO] CADModel:165 - CPN selected for project level
2024-11-05 09:19:04,998 [INFO] CADModel:114 - Register for checkConnection events
2024-11-05 09:19:05,032 [INFO] IPUIPlugin:80 - create IPUIPlugin
2024-11-05 09:19:05,032 [INFO] PluginManager:220 - loadIPPluginJar : add adc
2024-11-05 09:19:05,078 [INFO] IPUIPlugin:80 - create IPUIPlugin
2024-11-05 09:19:05,079 [INFO] PluginManager:220 - loadIPPluginJar : add aes
2024-11-05 09:19:05,128 [INFO] IPUIPlugin:80 - create IPUIPlugin
2024-11-05 09:19:05,128 [INFO] PluginManager:220 - loadIPPluginJar : add can
2024-11-05 09:19:05,161 [INFO] IPUIPlugin:80 - create IPUIPlugin
2024-11-05 09:19:05,161 [INFO] PluginManager:220 - loadIPPluginJar : add comp
2024-11-05 09:19:05,200 [INFO] IPUIPlugin:80 - create IPUIPlugin
2024-11-05 09:19:05,200 [INFO] PluginManager:220 - loadIPPluginJar : add cryp
2024-11-05 09:19:05,215 [INFO] IPUIPlugin:80 - create IPUIPlugin
2024-11-05 09:19:05,215 [INFO] PluginManager:220 - loadIPPluginJar : add ddr_ctrl_phy
2024-11-05 09:19:05,252 [INFO] IPUIPlugin:80 - create IPUIPlugin
2024-11-05 09:19:05,252 [INFO] PluginManager:220 - loadIPPluginJar : add dfsdm
2024-11-05 09:19:05,267 [INFO] IPUIPlugin:80 - create IPUIPlugin
2024-11-05 09:19:05,268 [INFO] PluginManager:220 - loadIPPluginJar : add dma
2024-11-05 09:19:05,327 [INFO] IPUIPlugin:80 - create IPUIPlugin
2024-11-05 09:19:05,327 [INFO] PluginManager:220 - loadIPPluginJar : add dma3
2024-11-05 09:19:05,382 [INFO] IPUIPlugin:80 - create IPUIPlugin
2024-11-05 09:19:05,383 [INFO] PluginManager:220 - loadIPPluginJar : add extmemmanager
2024-11-05 09:19:05,409 [INFO] IPUIPlugin:80 - create IPUIPlugin
2024-11-05 09:19:05,409 [INFO] PluginManager:220 - loadIPPluginJar : add fatfs
2024-11-05 09:19:05,474 [INFO] IPUIPlugin:80 - create IPUIPlugin
2024-11-05 09:19:05,474 [INFO] PluginManager:220 - loadIPPluginJar : add fmc
2024-11-05 09:19:05,499 [INFO] IPUIPlugin:80 - create IPUIPlugin
2024-11-05 09:19:05,500 [INFO] PluginManager:220 - loadIPPluginJar : add freertos
2024-11-05 09:19:05,557 [INFO] IPUIPlugin:80 - create IPUIPlugin
2024-11-05 09:19:05,557 [INFO] PluginManager:220 - loadIPPluginJar : add genericplugin
2024-11-05 09:19:05,673 [INFO] IPUIPlugin:80 - create IPUIPlugin
2024-11-05 09:19:05,673 [INFO] PluginManager:220 - loadIPPluginJar : add gfxmmu
2024-11-05 09:19:05,831 [INFO] IPUIPlugin:80 - create IPUIPlugin
2024-11-05 09:19:05,832 [INFO] PluginManager:220 - loadIPPluginJar : add gic
2024-11-05 09:19:05,852 [INFO] IPUIPlugin:80 - create IPUIPlugin
2024-11-05 09:19:05,853 [INFO] PluginManager:220 - loadIPPluginJar : add gpio
2024-11-05 09:19:05,979 [INFO] IPUIPlugin:80 - create IPUIPlugin
2024-11-05 09:19:05,979 [INFO] PluginManager:220 - loadIPPluginJar : add gtzc
2024-11-05 09:19:06,028 [INFO] IPUIPlugin:80 - create IPUIPlugin
2024-11-05 09:19:06,028 [INFO] PluginManager:220 - loadIPPluginJar : add hash
2024-11-05 09:19:06,096 [INFO] IPUIPlugin:80 - create IPUIPlugin
2024-11-05 09:19:06,096 [INFO] PluginManager:220 - loadIPPluginJar : add i2c
2024-11-05 09:19:06,140 [INFO] IPUIPlugin:80 - create IPUIPlugin
2024-11-05 09:19:06,141 [INFO] PluginManager:220 - loadIPPluginJar : add i2s
2024-11-05 09:19:06,198 [INFO] IPUIPlugin:80 - create IPUIPlugin
2024-11-05 09:19:06,198 [INFO] PluginManager:220 - loadIPPluginJar : add i3c
2024-11-05 09:19:06,364 [INFO] IPUIPlugin:80 - create IPUIPlugin
2024-11-05 09:19:06,364 [INFO] PluginManager:220 - loadIPPluginJar : add ipddr
2024-11-05 09:19:06,488 [INFO] IPUIPlugin:80 - create IPUIPlugin
2024-11-05 09:19:06,488 [INFO] PluginManager:220 - loadIPPluginJar : add linkedlist
2024-11-05 09:19:06,541 [INFO] IPUIPlugin:80 - create IPUIPlugin
2024-11-05 09:19:06,542 [INFO] PluginManager:220 - loadIPPluginJar : add lorawan
2024-11-05 09:19:06,599 [INFO] IPUIPlugin:80 - create IPUIPlugin
2024-11-05 09:19:06,599 [INFO] PluginManager:220 - loadIPPluginJar : add ltdc
2024-11-05 09:19:06,623 [INFO] IPUIPlugin:80 - create IPUIPlugin
2024-11-05 09:19:06,623 [INFO] PluginManager:220 - loadIPPluginJar : add mdma
2024-11-05 09:19:06,646 [INFO] IPUIPlugin:80 - create IPUIPlugin
2024-11-05 09:19:06,646 [INFO] PluginManager:220 - loadIPPluginJar : add nvic
2024-11-05 09:19:06,714 [INFO] IPUIPlugin:80 - create IPUIPlugin
2024-11-05 09:19:06,714 [INFO] PluginManager:220 - loadIPPluginJar : add opamp
2024-11-05 09:19:06,795 [INFO] IPUIPlugin:80 - create IPUIPlugin
2024-11-05 09:19:06,796 [INFO] PluginManager:220 - loadIPPluginJar : add openamp
2024-11-05 09:19:06,853 [INFO] IPUIPlugin:80 - create IPUIPlugin
2024-11-05 09:19:06,853 [INFO] PluginManager:220 - loadIPPluginJar : add pdm2pcm
2024-11-05 09:19:06,876 [INFO] IPUIPlugin:80 - create IPUIPlugin
2024-11-05 09:19:06,880 [INFO] PluginManager:220 - loadIPPluginJar : add plateformsettings
2024-11-05 09:19:06,932 [INFO] IPUIPlugin:80 - create IPUIPlugin
2024-11-05 09:19:06,932 [INFO] PluginManager:220 - loadIPPluginJar : add quadspi
2024-11-05 09:19:06,982 [INFO] IPUIPlugin:80 - create IPUIPlugin
2024-11-05 09:19:06,983 [INFO] PluginManager:220 - loadIPPluginJar : add radio
2024-11-05 09:19:07,007 [INFO] IPUIPlugin:80 - create IPUIPlugin
2024-11-05 09:19:07,007 [INFO] PluginManager:220 - loadIPPluginJar : add resmgrutility
2024-11-05 09:19:07,068 [INFO] IPUIPlugin:80 - create IPUIPlugin
2024-11-05 09:19:07,069 [INFO] PluginManager:220 - loadIPPluginJar : add sai
2024-11-05 09:19:07,116 [INFO] IPUIPlugin:80 - create IPUIPlugin
2024-11-05 09:19:07,116 [INFO] PluginManager:220 - loadIPPluginJar : add spi
2024-11-05 09:19:07,204 [INFO] IPUIPlugin:80 - create IPUIPlugin
2024-11-05 09:19:07,205 [INFO] PluginManager:220 - loadIPPluginJar : add stm32_wpan
2024-11-05 09:19:07,236 [INFO] IPUIPlugin:80 - create IPUIPlugin
2024-11-05 09:19:07,236 [INFO] PluginManager:220 - loadIPPluginJar : add tim
2024-11-05 09:19:07,315 [INFO] ThirdPartyUpdaterWithRetryManager:70 - Updater plugin not ready yet. [2/15]
2024-11-05 09:19:07,325 [INFO] IPUIPlugin:80 - create IPUIPlugin
2024-11-05 09:19:07,326 [INFO] PluginManager:220 - loadIPPluginJar : add touchsensing
2024-11-05 09:19:07,358 [INFO] IPUIPlugin:80 - create IPUIPlugin
2024-11-05 09:19:07,358 [INFO] PluginManager:220 - loadIPPluginJar : add tracer_emb
2024-11-05 09:19:07,387 [INFO] IPUIPlugin:80 - create IPUIPlugin
2024-11-05 09:19:07,387 [INFO] PluginManager:220 - loadIPPluginJar : add ts
2024-11-05 09:19:07,416 [INFO] IPUIPlugin:80 - create IPUIPlugin
2024-11-05 09:19:07,417 [INFO] PluginManager:220 - loadIPPluginJar : add tsc
2024-11-05 09:19:07,445 [INFO] IPUIPlugin:80 - create IPUIPlugin
2024-11-05 09:19:07,445 [INFO] PluginManager:220 - loadIPPluginJar : add ucpd
2024-11-05 09:19:07,495 [INFO] IPUIPlugin:80 - create IPUIPlugin
2024-11-05 09:19:07,496 [INFO] PluginManager:220 - loadIPPluginJar : add usart
2024-11-05 09:19:07,551 [INFO] IPUIPlugin:80 - create IPUIPlugin
2024-11-05 09:19:07,551 [INFO] PluginManager:220 - loadIPPluginJar : add usbx
2024-11-05 09:19:07,698 [INFO] CADModel:165 - CPN selected for project level
2024-11-05 09:19:07,698 [INFO] CADModel:114 - Register for checkConnection events
2024-11-05 09:19:07,699 [FATAL] Updater:334 - Updater called before beeing initialized
2024-11-05 09:19:07,699 [ERROR] CADModel:125 - Updater not yet initialized, retry later 
2024-11-05 09:19:07,838 [INFO] CADModel:165 - CPN selected for project level
2024-11-05 09:19:07,839 [INFO] CADModel:114 - Register for checkConnection events
2024-11-05 09:19:07,839 [FATAL] Updater:334 - Updater called before beeing initialized
2024-11-05 09:19:07,839 [ERROR] CADModel:125 - Updater not yet initialized, retry later 
2024-11-05 09:19:07,842 [FATAL] Updater:334 - Updater called before beeing initialized
2024-11-05 09:19:08,000 [FATAL] Updater:334 - Updater called before beeing initialized
2024-11-05 09:19:08,013 [INFO] DbMcusAds:53 - JSON generation date=Fri Sep 20 08:04:23 CDT 2024 (1726837463113)
2024-11-05 09:19:08,013 [FATAL] Updater:334 - Updater called before beeing initialized
2024-11-05 09:19:08,053 [WARN] DetailPanel:346 - Failed to get advertising image, set to default
2024-11-05 09:19:08,154 [FATAL] Updater:334 - Updater called before beeing initialized
2024-11-05 09:19:08,158 [FATAL] Updater:334 - Updater called before beeing initialized
2024-11-05 09:19:08,159 [FATAL] Updater:334 - Updater called before beeing initialized
2024-11-05 09:19:08,159 [WARN] DetailPanel:346 - Failed to get advertising image, set to default
2024-11-05 09:19:08,160 [FATAL] Updater:334 - Updater called before beeing initialized
2024-11-05 09:19:08,237 [ERROR] Updater:1164 - MainUpdater not yet initialized. External WinMGr cannot be set.
2024-11-05 09:19:08,252 [INFO] Updater:1100 - Updater Version found : 6.12.1
2024-11-05 09:19:08,258 [ERROR] ConfigurationRetriever:142 - IOException on connection: Connect timed out
2024-11-05 09:19:08,269 [INFO] ApplicationProperties:184 - Using Application install path: C:\ST\STM32CubeIDE_1.16.1\STM32CubeIDE\plugins\com.st.stm32cube.common.mx_6.12.1.202409122256
2024-11-05 09:19:10,318 [INFO] ThirdPartyUpdaterWithRetryManager:70 - Updater plugin not ready yet. [3/15]
2024-11-05 09:19:12,639 [WARN] CheckConnectionManager:291 - Warning during Server Connection :  timeout Connect to sw-center.st.com:443 [sw-center.st.com/23.220.206.5, sw-center.st.com/23.220.206.29] failed: Connect timed out
2024-11-05 09:19:13,260 [ERROR] ConfigurationRetriever:142 - IOException on connection: Connect timed out
2024-11-05 09:19:13,319 [FATAL] Updater:334 - Updater called before beeing initialized
2024-11-05 09:19:13,319 [ERROR] IntegrityCheckThread:130 - Cannot retrieve database content from updater: error 21
2024-11-05 09:19:13,320 [INFO] ThirdParty:978 - Integrity check success = false
2024-11-05 09:19:13,320 [INFO] IntegrityCheckThread:100 - exiting critical section [integrity check]
2024-11-05 09:19:13,320 [INFO] IntegrityCheckThread:103 - End integrity checks thread
2024-11-05 09:19:16,649 [WARN] CheckConnectionManager:291 - Warning during Server Connection :  timeout Connect to sw-center.st.com:443 [sw-center.st.com/23.220.206.5, sw-center.st.com/23.220.206.29] failed: Connect timed out
2024-11-05 09:19:16,655 [INFO] MainUpdater:2873 - connection check result : 22
2024-11-05 09:19:16,656 [INFO] MainUpdater:290 - Updater Check For Update Now.
2024-11-05 09:19:16,657 [INFO] MicroXplorer:498 - Change Database Version : DB.6.0.121
2024-11-05 09:19:16,682 [INFO] McuFinderGlobals:63 - Set McuFinder mode to 2 (CubeIDE integrated)
2024-11-05 09:19:16,683 [INFO] UserAuth:179 - activating auth plugin
2024-11-05 09:19:16,686 [INFO] UserAuth:417 - Internet connection configuration mode: 2
2024-11-05 09:19:16,735 [INFO] UserAuth:417 - Internet connection configuration mode: 2
2024-11-05 09:19:16,999 [INFO] CheckServerUpdateThread:120 - End of CheckServer Thread
2024-11-05 09:19:18,264 [ERROR] ConfigurationRetriever:142 - IOException on connection: Connect timed out
2024-11-05 09:19:39,971 [ERROR] ConfigurationRetriever:142 - IOException on connection: Connect timed out
2024-11-05 09:19:41,974 [ERROR] ConfigurationRetriever:142 - IOException on connection: Connect timed out
2024-11-05 09:19:43,977 [ERROR] ConfigurationRetriever:142 - IOException on connection: Connect timed out
2024-11-05 09:20:09,322 [ERROR] ConfigurationRetriever:142 - IOException on connection: Connect timed out
2024-11-05 09:20:11,412 [ERROR] ConfigurationRetriever:142 - IOException on connection: Connect timed out
2024-11-05 09:20:13,414 [ERROR] ConfigurationRetriever:142 - IOException on connection: Connect timed out
